<?xml version="1.0" encoding="utf-8"?><testsuites name="pytest tests"><testsuite name="pytest" errors="0" failures="1" skipped="0" tests="10" time="15.045" timestamp="2026-05-22T22:59:45.855636+00:00" hostname="agent-env-3fdf461e-5ff5-4c20-9fd2-45956413c33c"><testcase classname="backend.tests.test_celebtrack_v2.TestVideosShortsSplit" name="test_videos_kind_long" time="0.305" /><testcase classname="backend.tests.test_celebtrack_v2.TestVideosShortsSplit" name="test_shorts_kind_short" time="0.045" /><testcase classname="backend.tests.test_celebtrack_v2.TestVideosShortsSplit" name="test_videos_recent_sorted" time="0.047" /><testcase classname="backend.tests.test_celebtrack_v2.TestVideosShortsSplit" name="test_viral_shorts" time="0.048" /><testcase classname="backend.tests.test_celebtrack_v2.TestVideosShortsSplit" name="test_viral_videos_long" time="0.047" /><testcase classname="backend.tests.test_celebtrack_v2.TestTrendingContext" name="test_put_trending_context" time="0.094" /><testcase classname="backend.tests.test_celebtrack_v2.TestAIRecommendations" name="test_recommendations_video" time="13.737" /><testcase classname="backend.tests.test_celebtrack_v2.TestNews" name="test_news_returns_items" time="0.052" /><testcase classname="backend.tests.test_celebtrack_v2.TestSecondaryChannels" name="test_add_secondary_channel" time="0.456"><failure message="AssertionError: {&quot;detail&quot;:[{&quot;type&quot;:&quot;missing&quot;,&quot;loc&quot;:[&quot;body&quot;,&quot;youtube_channel_id&quot;],&quot;msg&quot;:&quot;Field required&quot;,&quot;input&quot;:{&quot;channel_id&quot;:&quot;UCKH0FmoBAFdoHshinQk3CYg&quot;,&quot;title&quot;:&quot;Franco Escamilla Clips&quot;},&quot;url&quot;:&quot;https://errors.pydantic.dev/2.13/v/missing&quot;}]}&#10;assert 422 == 200&#10; +  where 422 = &lt;Response [422]&gt;.status_code">backend/tests/test_celebtrack_v2.py:147: in test_add_secondary_channel
    assert r.status_code == 200, r.text
E   AssertionError: {"detail":[{"type":"missing","loc":["body","youtube_channel_id"],"msg":"Field required","input":{"channel_id":"UCKH0FmoBAFdoHshinQk3CYg","title":"Franco Escamilla Clips"},"url":"https://errors.pydantic.dev/2.13/v/missing"}]}
E   assert 422 == 200
E    +  where 422 = &lt;Response [422]&gt;.status_code</failure></testcase><testcase classname="backend.tests.test_celebtrack_v2.TestSecondaryChannels" name="test_delete_secondary_channel" time="0.137" /></testsuite></testsuites>