<?xml version="1.0" encoding="utf-8"?><testsuites name="pytest tests"><testsuite name="pytest" errors="0" failures="0" skipped="0" tests="14" time="5.161" timestamp="2026-05-22T22:07:32.579815+00:00" hostname="agent-env-3fdf461e-5ff5-4c20-9fd2-45956413c33c"><testcase classname="backend.tests.test_celebtrack.TestCelebrities" name="test_list_celebrities_seeded" time="0.298" /><testcase classname="backend.tests.test_celebtrack.TestCelebrities" name="test_get_celebrity" time="0.081" /><testcase classname="backend.tests.test_celebtrack.TestCelebrities" name="test_get_celebrity_404" time="0.098" /><testcase classname="backend.tests.test_celebtrack.TestVideos" name="test_videos_for_franco" time="0.079" /><testcase classname="backend.tests.test_celebtrack.TestVideos" name="test_viral_videos_sorted_desc" time="0.080" /><testcase classname="backend.tests.test_celebtrack.TestYouTubeSearch" name="test_search_luis_fonsi" time="0.391" /><testcase classname="backend.tests.test_celebtrack.TestCelebrityCRUD" name="test_add_celebrity" time="0.520" /><testcase classname="backend.tests.test_celebtrack.TestCelebrityCRUD" name="test_delete_celebrity_cascade" time="0.310" /><testcase classname="backend.tests.test_celebtrack.TestVirals" name="test_add_viral_creates_notification" time="0.437" /><testcase classname="backend.tests.test_celebtrack.TestVirals" name="test_delete_viral" time="0.078" /><testcase classname="backend.tests.test_celebtrack.TestNotifications" name="test_list_and_mark_read" time="0.239" /><testcase classname="backend.tests.test_celebtrack.TestNotifications" name="test_mark_all_read" time="0.173" /><testcase classname="backend.tests.test_celebtrack.TestContacts" name="test_add_contact" time="0.091" /><testcase classname="backend.tests.test_celebtrack.TestRefreshAll" name="test_refresh_all" time="2.107" /></testsuite></testsuites>